<?xml version="1.0" encoding="UTF-8"?>
<testng-results ignored="0" total="1" passed="1" failed="0" skipped="0">
  <reporter-output>
  </reporter-output>
  <suite started-at="2026-02-02T00:03:15 IST" name="Default suite" finished-at="2026-02-02T00:03:26 IST" duration-ms="10976">
    <groups>
    </groups>
    <test started-at="2026-02-02T00:03:15 IST" name="Default test" finished-at="2026-02-02T00:03:26 IST" duration-ms="10976">
      <class name="seleniumPractice.AmazonTest">
        <test-method is-config="true" signature="setup()[pri:0, instance:seleniumPractice.AmazonTest@279fedbd]" started-at="2026-02-02T00:03:16 IST" name="setup" finished-at="2026-02-02T00:03:19 IST" duration-ms="3328" status="PASS">
          <reporter-output>
          </reporter-output>
        </test-method> <!-- setup -->
        <test-method signature="verifyAmazonLogo()[pri:0, instance:seleniumPractice.AmazonTest@279fedbd]" started-at="2026-02-02T00:03:19 IST" name="verifyAmazonLogo" description="Verify Amazon logo is displayed correctly" finished-at="2026-02-02T00:03:23 IST" duration-ms="4092" status="PASS">
          <reporter-output>
          </reporter-output>
        </test-method> <!-- verifyAmazonLogo -->
        <test-method is-config="true" signature="tearDown()[pri:0, instance:seleniumPractice.AmazonTest@279fedbd]" started-at="2026-02-02T00:03:23 IST" name="tearDown" finished-at="2026-02-02T00:03:26 IST" duration-ms="3483" status="PASS">
          <reporter-output>
          </reporter-output>
        </test-method> <!-- tearDown -->
      </class> <!-- seleniumPractice.AmazonTest -->
    </test> <!-- Default test -->
  </suite> <!-- Default suite -->
</testng-results>
