<?xml version="1.0" encoding="UTF-8"?>
<testng-results ignored="0" total="1" passed="1" failed="0" skipped="0">
  <reporter-output>
  </reporter-output>
  <suite started-at="2026-02-02T19:51:47 IST" name="Default suite" finished-at="2026-02-02T19:51:58 IST" duration-ms="11070">
    <groups>
    </groups>
    <test started-at="2026-02-02T19:51:47 IST" name="Default test" finished-at="2026-02-02T19:51:58 IST" duration-ms="11070">
      <class name="seleniumPractice.PracticeLocators">
        <test-method is-config="true" signature="setup()[pri:0, instance:seleniumPractice.PracticeLocators@279fedbd]" started-at="2026-02-02T19:51:47 IST" name="setup" finished-at="2026-02-02T19:51:50 IST" duration-ms="2740" status="PASS">
          <reporter-output>
          </reporter-output>
        </test-method> <!-- setup -->
        <test-method signature="verifyAmazonLogo()[pri:0, instance:seleniumPractice.PracticeLocators@279fedbd]" started-at="2026-02-02T19:51:50 IST" name="verifyAmazonLogo" description="Verify Locators Used correctly" finished-at="2026-02-02T19:51:55 IST" duration-ms="4854" status="PASS">
          <reporter-output>
          </reporter-output>
        </test-method> <!-- verifyAmazonLogo -->
        <test-method is-config="true" signature="tearDown()[pri:0, instance:seleniumPractice.PracticeLocators@279fedbd]" started-at="2026-02-02T19:51:55 IST" name="tearDown" finished-at="2026-02-02T19:51:58 IST" duration-ms="3408" status="PASS">
          <reporter-output>
          </reporter-output>
        </test-method> <!-- tearDown -->
      </class> <!-- seleniumPractice.PracticeLocators -->
    </test> <!-- Default test -->
  </suite> <!-- Default suite -->
</testng-results>
